<?xml version="1.0" encoding="UTF-8"?>
<testng-results ignored="0" total="1" passed="1" failed="0" skipped="0">
  <reporter-output>
  </reporter-output>
  <suite started-at="2024-09-17T21:35:28 IST" name="Suite" finished-at="2024-09-17T21:36:06 IST" duration-ms="38884">
    <groups>
    </groups>
    <test started-at="2024-09-17T21:35:28 IST" name="Test" finished-at="2024-09-17T21:36:06 IST" duration-ms="38884">
      <class name="TestCases.QAlegentNewTestCases">
        <test-method is-config="true" signature="initilization(java.lang.String)[pri:0, instance:TestCases.QAlegentNewTestCases@5e3d57c7]" started-at="2024-09-17T21:35:28 IST" name="initilization" finished-at="2024-09-17T21:35:44 IST" duration-ms="16152" status="PASS">
          <params>
            <param index="0">
              <value>
                <![CDATA[Chrome]]>
              </value>
            </param>
          </params>
          <reporter-output>
          </reporter-output>
        </test-method> <!-- initilization -->
        <test-method signature="deleteUser()[pri:0, instance:TestCases.QAlegentNewTestCases@5e3d57c7]" started-at="2024-09-17T21:35:44 IST" name="deleteUser" finished-at="2024-09-17T21:36:06 IST" duration-ms="22586" status="PASS">
          <reporter-output>
          </reporter-output>
        </test-method> <!-- deleteUser -->
      </class> <!-- TestCases.QAlegentNewTestCases -->
    </test> <!-- Test -->
  </suite> <!-- Suite -->
</testng-results>
